This file contains any messages produced by compilers while
running configure, to aid debugging if configure makes a mistake.

It was created by maui configure 3.3.1, which was
generated by GNU Autoconf 2.57.  Invocation command line was

  $ ./configure --prefix=/opt/maui --with-machine=rocks.dummy.host --with-spooldir=/opt/maui --with-key=0

## --------- ##
## Platform. ##
## --------- ##

hostname = tscc-0-62.sdsc.edu
uname -m = x86_64
uname -r = 2.6.32-279.22.1.el6.x86_64
uname -s = Linux
uname -v = #1 SMP Tue May 14 17:25:16 PDT 2013

/usr/bin/uname -p = unknown
/bin/uname -X     = unknown

/bin/arch              = x86_64
/usr/bin/arch -k       = unknown
/usr/convex/getsysinfo = unknown
hostinfo               = unknown
/bin/machine           = unknown
/usr/bin/oslevel       = unknown
/bin/universe          = unknown

PATH: /usr/lib64/qt-3.3/bin
PATH: /usr/local/sbin
PATH: /usr/local/bin
PATH: /sbin
PATH: /bin
PATH: /usr/sbin
PATH: /usr/bin
PATH: /opt/ganglia/bin
PATH: /opt/ganglia/sbin
PATH: /usr/java/latest/bin
PATH: /opt/rocks/bin
PATH: /opt/rocks/sbin
PATH: /root/bin
PATH: /opt/torque/bin


## ----------- ##
## Core tests. ##
## ----------- ##

configure:1344: checking for gcc
configure:1360: found /usr/bin/gcc
configure:1370: result: gcc
configure:1614: checking for C compiler version
configure:1617: gcc --version </dev/null >&5
gcc (GCC) 4.4.6 20120305 (Red Hat 4.4.6-4)
Copyright (C) 2010 Free Software Foundation, Inc.
This is free software; see the source for copying conditions.  There is NO
warranty; not even for MERCHANTABILITY or FITNESS FOR A PARTICULAR PURPOSE.

configure:1620: $? = 0
configure:1622: gcc -v </dev/null >&5
Using built-in specs.
Target: x86_64-redhat-linux
Configured with: ../configure --prefix=/usr --mandir=/usr/share/man --infodir=/usr/share/info --with-bugurl=http://bugzilla.redhat.com/bugzilla --enable-bootstrap --enable-shared --enable-threads=posix --enable-checking=release --with-system-zlib --enable-__cxa_atexit --disable-libunwind-exceptions --enable-gnu-unique-object --enable-languages=c,c++,objc,obj-c++,java,fortran,ada --enable-java-awt=gtk --disable-dssi --with-java-home=/usr/lib/jvm/java-1.5.0-gcj-1.5.0.0/jre --enable-libgcj-multifile --enable-java-maintainer-mode --with-ecj-jar=/usr/share/java/eclipse-ecj.jar --disable-libjava-multilib --with-ppl --with-cloog --with-tune=generic --with-arch_32=i686 --build=x86_64-redhat-linux
Thread model: posix
gcc version 4.4.6 20120305 (Red Hat 4.4.6-4) (GCC) 
configure:1625: $? = 0
configure:1627: gcc -V </dev/null >&5
gcc: '-V' option must have argument
configure:1630: $? = 1
configure:1654: checking for C compiler default output
configure:1657: gcc  -g   conftest.c  >&5
configure:1660: $? = 0
configure:1706: result: a.out
configure:1711: checking whether the C compiler works
configure:1717: ./a.out
configure:1720: $? = 0
configure:1737: result: yes
configure:1744: checking whether we are cross compiling
configure:1746: result: no
configure:1749: checking for suffix of executables
configure:1751: gcc -o conftest  -g   conftest.c  >&5
configure:1754: $? = 0
configure:1779: result: 
configure:1785: checking for suffix of object files
configure:1807: gcc -c  -g  conftest.c >&5
configure:1810: $? = 0
configure:1832: result: o
configure:1836: checking whether we are using the GNU C compiler
configure:1861: gcc -c  -g  conftest.c >&5
configure:1864: $? = 0
configure:1867: test -s conftest.o
configure:1870: $? = 0
configure:1883: result: yes
configure:1889: checking whether gcc accepts -g
configure:1911: gcc -c -g  conftest.c >&5
configure:1914: $? = 0
configure:1917: test -s conftest.o
configure:1920: $? = 0
configure:1931: result: yes
configure:1948: checking for gcc option to accept ANSI C
configure:2009: gcc  -c  -g  conftest.c >&5
configure:2012: $? = 0
configure:2015: test -s conftest.o
configure:2018: $? = 0
configure:2036: result: none needed
configure:2054: gcc -c  -g  conftest.c >&5
conftest.c:2: error: expected '=', ',', ';', 'asm' or '__attribute__' before 'me'
configure:2057: $? = 1
configure: failed program was:
| #ifndef __cplusplus
|   choke me
| #endif
configure:2167: checking whether ln -s works
configure:2171: result: yes
configure:2552: WARNING: Resource Manager not specified - attempting build with pbs
configure:2770: checking for sqrt in -lm
configure:2801: gcc -o conftest  -g -D__M64   conftest.c -lm   >&5
configure:2792: warning: conflicting types for built-in function 'sqrt'
configure:2804: $? = 0
configure:2807: test -s conftest
configure:2810: $? = 0
configure:2822: result: yes
configure:2840: checking how to run the C preprocessor
configure:2876: gcc -E  conftest.c
configure:2882: $? = 0
configure:2914: gcc -E  conftest.c
configure:2914:28: error: ac_nonexistent.h: No such file or directory
configure:2920: $? = 1
configure: failed program was:
| #line 2905 "configure"
| /* confdefs.h.  */
| 
| #define PACKAGE_NAME "maui"
| #define PACKAGE_TARNAME "maui"
| #define PACKAGE_VERSION "3.3.1"
| #define PACKAGE_STRING "maui 3.3.1"
| #define PACKAGE_BUGREPORT "help@supercluster.org"
| #define HAVE_LIBM 1
| /* end confdefs.h.  */
| #include <ac_nonexistent.h>
configure:2958: result: gcc -E
configure:2983: gcc -E  conftest.c
configure:2989: $? = 0
configure:3021: gcc -E  conftest.c
configure:3021:28: error: ac_nonexistent.h: No such file or directory
configure:3027: $? = 1
configure: failed program was:
| #line 3012 "configure"
| /* confdefs.h.  */
| 
| #define PACKAGE_NAME "maui"
| #define PACKAGE_TARNAME "maui"
| #define PACKAGE_VERSION "3.3.1"
| #define PACKAGE_STRING "maui 3.3.1"
| #define PACKAGE_BUGREPORT "help@supercluster.org"
| #define HAVE_LIBM 1
| /* end confdefs.h.  */
| #include <ac_nonexistent.h>
configure:3070: checking for egrep
configure:3080: result: grep -E
configure:3085: checking for ANSI C header files
configure:3111: gcc -c  -g -D__M64  conftest.c >&5
configure:3114: $? = 0
configure:3117: test -s conftest.o
configure:3120: $? = 0
configure:3212: gcc -o conftest  -g -D__M64   conftest.c -lm  >&5
configure: In function 'main':
configure:3206: warning: incompatible implicit declaration of built-in function 'exit'
configure:3215: $? = 0
configure:3217: ./conftest
configure:3220: $? = 0
configure:3235: result: yes
configure:3245: checking for sys/wait.h that is POSIX.1 compatible
configure:3277: gcc -c  -g -D__M64  conftest.c >&5
configure:3280: $? = 0
configure:3283: test -s conftest.o
configure:3286: $? = 0
configure:3297: result: yes
configure:3321: checking for sys/types.h
configure:3338: gcc -c  -g -D__M64  conftest.c >&5
configure:3341: $? = 0
configure:3344: test -s conftest.o
configure:3347: $? = 0
configure:3358: result: yes
configure:3321: checking for sys/stat.h
configure:3338: gcc -c  -g -D__M64  conftest.c >&5
configure:3341: $? = 0
configure:3344: test -s conftest.o
configure:3347: $? = 0
configure:3358: result: yes
configure:3321: checking for stdlib.h
configure:3338: gcc -c  -g -D__M64  conftest.c >&5
configure:3341: $? = 0
configure:3344: test -s conftest.o
configure:3347: $? = 0
configure:3358: result: yes
configure:3321: checking for string.h
configure:3338: gcc -c  -g -D__M64  conftest.c >&5
configure:3341: $? = 0
configure:3344: test -s conftest.o
configure:3347: $? = 0
configure:3358: result: yes
configure:3321: checking for memory.h
configure:3338: gcc -c  -g -D__M64  conftest.c >&5
configure:3341: $? = 0
configure:3344: test -s conftest.o
configure:3347: $? = 0
configure:3358: result: yes
configure:3321: checking for strings.h
configure:3338: gcc -c  -g -D__M64  conftest.c >&5
configure:3341: $? = 0
configure:3344: test -s conftest.o
configure:3347: $? = 0
configure:3358: result: yes
configure:3321: checking for inttypes.h
configure:3338: gcc -c  -g -D__M64  conftest.c >&5
configure:3341: $? = 0
configure:3344: test -s conftest.o
configure:3347: $? = 0
configure:3358: result: yes
configure:3321: checking for stdint.h
configure:3338: gcc -c  -g -D__M64  conftest.c >&5
configure:3341: $? = 0
configure:3344: test -s conftest.o
configure:3347: $? = 0
configure:3358: result: yes
configure:3321: checking for unistd.h
configure:3338: gcc -c  -g -D__M64  conftest.c >&5
configure:3341: $? = 0
configure:3344: test -s conftest.o
configure:3347: $? = 0
configure:3358: result: yes
configure:3395: checking arpa/inet.h usability
configure:3408: gcc -c  -g -D__M64  conftest.c >&5
configure:3411: $? = 0
configure:3414: test -s conftest.o
configure:3417: $? = 0
configure:3427: result: yes
configure:3431: checking arpa/inet.h presence
configure:3442: gcc -E  conftest.c
configure:3448: $? = 0
configure:3467: result: yes
configure:3503: checking for arpa/inet.h
configure:3510: result: yes
configure:3395: checking fcntl.h usability
configure:3408: gcc -c  -g -D__M64  conftest.c >&5
configure:3411: $? = 0
configure:3414: test -s conftest.o
configure:3417: $? = 0
configure:3427: result: yes
configure:3431: checking fcntl.h presence
configure:3442: gcc -E  conftest.c
configure:3448: $? = 0
configure:3467: result: yes
configure:3503: checking for fcntl.h
configure:3510: result: yes
configure:3395: checking locale.h usability
configure:3408: gcc -c  -g -D__M64  conftest.c >&5
configure:3411: $? = 0
configure:3414: test -s conftest.o
configure:3417: $? = 0
configure:3427: result: yes
configure:3431: checking locale.h presence
configure:3442: gcc -E  conftest.c
configure:3448: $? = 0
configure:3467: result: yes
configure:3503: checking for locale.h
configure:3510: result: yes
configure:3395: checking netdb.h usability
configure:3408: gcc -c  -g -D__M64  conftest.c >&5
configure:3411: $? = 0
configure:3414: test -s conftest.o
configure:3417: $? = 0
configure:3427: result: yes
configure:3431: checking netdb.h presence
configure:3442: gcc -E  conftest.c
configure:3448: $? = 0
configure:3467: result: yes
configure:3503: checking for netdb.h
configure:3510: result: yes
configure:3395: checking netinet/in.h usability
configure:3408: gcc -c  -g -D__M64  conftest.c >&5
configure:3411: $? = 0
configure:3414: test -s conftest.o
configure:3417: $? = 0
configure:3427: result: yes
configure:3431: checking netinet/in.h presence
configure:3442: gcc -E  conftest.c
configure:3448: $? = 0
configure:3467: result: yes
configure:3503: checking for netinet/in.h
configure:3510: result: yes
configure:3386: checking for stdlib.h
configure:3391: result: yes
configure:3386: checking for string.h
configure:3391: result: yes
configure:3386: checking for strings.h
configure:3391: result: yes
configure:3395: checking sys/socket.h usability
configure:3408: gcc -c  -g -D__M64  conftest.c >&5
configure:3411: $? = 0
configure:3414: test -s conftest.o
configure:3417: $? = 0
configure:3427: result: yes
configure:3431: checking sys/socket.h presence
configure:3442: gcc -E  conftest.c
configure:3448: $? = 0
configure:3467: result: yes
configure:3503: checking for sys/socket.h
configure:3510: result: yes
configure:3395: checking sys/time.h usability
configure:3408: gcc -c  -g -D__M64  conftest.c >&5
configure:3411: $? = 0
configure:3414: test -s conftest.o
configure:3417: $? = 0
configure:3427: result: yes
configure:3431: checking sys/time.h presence
configure:3442: gcc -E  conftest.c
configure:3448: $? = 0
configure:3467: result: yes
configure:3503: checking for sys/time.h
configure:3510: result: yes
configure:3395: checking syslog.h usability
configure:3408: gcc -c  -g -D__M64  conftest.c >&5
configure:3411: $? = 0
configure:3414: test -s conftest.o
configure:3417: $? = 0
configure:3427: result: yes
configure:3431: checking syslog.h presence
configure:3442: gcc -E  conftest.c
configure:3448: $? = 0
configure:3467: result: yes
configure:3503: checking for syslog.h
configure:3510: result: yes
configure:3386: checking for unistd.h
configure:3391: result: yes
configure:3525: checking whether stat file-mode macros are broken
configure:3574: result: no
configure:3584: checking for an ANSI C-conforming const
configure:3652: gcc -c  -g -D__M64  conftest.c >&5
configure:3655: $? = 0
configure:3658: test -s conftest.o
configure:3661: $? = 0
configure:3672: result: yes
configure:3682: checking for uid_t in sys/types.h
configure:3706: result: yes
configure:3721: checking for pid_t
configure:3746: gcc -c  -g -D__M64  conftest.c >&5
configure:3749: $? = 0
configure:3752: test -s conftest.o
configure:3755: $? = 0
configure:3766: result: yes
configure:3778: checking whether time.h and sys/time.h may both be included
configure:3804: gcc -c  -g -D__M64  conftest.c >&5
configure:3807: $? = 0
configure:3810: test -s conftest.o
configure:3813: $? = 0
configure:3824: result: yes
configure:3834: checking whether struct tm is in sys/time.h or time.h
configure:3858: gcc -c  -g -D__M64  conftest.c >&5
configure:3861: $? = 0
configure:3864: test -s conftest.o
configure:3867: $? = 0
configure:3878: result: time.h
configure:3896: checking for unistd.h
configure:3901: result: yes
configure:3905: checking vfork.h usability
configure:3918: gcc -c  -g -D__M64  conftest.c >&5
configure:3975:19: error: vfork.h: No such file or directory
configure:3921: $? = 1
configure: failed program was:
| #line 3907 "configure"
| /* confdefs.h.  */
| 
| #define PACKAGE_NAME "maui"
| #define PACKAGE_TARNAME "maui"
| #define PACKAGE_VERSION "3.3.1"
| #define PACKAGE_STRING "maui 3.3.1"
| #define PACKAGE_BUGREPORT "help@supercluster.org"
| #define HAVE_LIBM 1
| #define STDC_HEADERS 1
| #define HAVE_SYS_WAIT_H 1
| #define HAVE_SYS_TYPES_H 1
| #define HAVE_SYS_STAT_H 1
| #define HAVE_STDLIB_H 1
| #define HAVE_STRING_H 1
| #define HAVE_MEMORY_H 1
| #define HAVE_STRINGS_H 1
| #define HAVE_INTTYPES_H 1
| #define HAVE_STDINT_H 1
| #define HAVE_UNISTD_H 1
| #define HAVE_ARPA_INET_H 1
| #define HAVE_FCNTL_H 1
| #define HAVE_LOCALE_H 1
| #define HAVE_NETDB_H 1
| #define HAVE_NETINET_IN_H 1
| #define HAVE_STDLIB_H 1
| #define HAVE_STRING_H 1
| #define HAVE_STRINGS_H 1
| #define HAVE_SYS_SOCKET_H 1
| #define HAVE_SYS_TIME_H 1
| #define HAVE_SYSLOG_H 1
| #define HAVE_UNISTD_H 1
| #define TIME_WITH_SYS_TIME 1
| #define HAVE_UNISTD_H 1
| /* end confdefs.h.  */
| #include <stdio.h>
| #if HAVE_SYS_TYPES_H
| # include <sys/types.h>
| #endif
| #if HAVE_SYS_STAT_H
| # include <sys/stat.h>
| #endif
| #if STDC_HEADERS
| # include <stdlib.h>
| # include <stddef.h>
| #else
| # if HAVE_STDLIB_H
| #  include <stdlib.h>
| # endif
| #endif
| #if HAVE_STRING_H
| # if !STDC_HEADERS && HAVE_MEMORY_H
| #  include <memory.h>
| # endif
| # include <string.h>
| #endif
| #if HAVE_STRINGS_H
| # include <strings.h>
| #endif
| #if HAVE_INTTYPES_H
| # include <inttypes.h>
| #else
| # if HAVE_STDINT_H
| #  include <stdint.h>
| # endif
| #endif
| #if HAVE_UNISTD_H
| # include <unistd.h>
| #endif
| #include <vfork.h>
configure:3937: result: no
configure:3941: checking vfork.h presence
configure:3952: gcc -E  conftest.c
configure:3977:19: error: vfork.h: No such file or directory
configure:3958: $? = 1
configure: failed program was:
| #line 3943 "configure"
| /* confdefs.h.  */
| 
| #define PACKAGE_NAME "maui"
| #define PACKAGE_TARNAME "maui"
| #define PACKAGE_VERSION "3.3.1"
| #define PACKAGE_STRING "maui 3.3.1"
| #define PACKAGE_BUGREPORT "help@supercluster.org"
| #define HAVE_LIBM 1
| #define STDC_HEADERS 1
| #define HAVE_SYS_WAIT_H 1
| #define HAVE_SYS_TYPES_H 1
| #define HAVE_SYS_STAT_H 1
| #define HAVE_STDLIB_H 1
| #define HAVE_STRING_H 1
| #define HAVE_MEMORY_H 1
| #define HAVE_STRINGS_H 1
| #define HAVE_INTTYPES_H 1
| #define HAVE_STDINT_H 1
| #define HAVE_UNISTD_H 1
| #define HAVE_ARPA_INET_H 1
| #define HAVE_FCNTL_H 1
| #define HAVE_LOCALE_H 1
| #define HAVE_NETDB_H 1
| #define HAVE_NETINET_IN_H 1
| #define HAVE_STDLIB_H 1
| #define HAVE_STRING_H 1
| #define HAVE_STRINGS_H 1
| #define HAVE_SYS_SOCKET_H 1
| #define HAVE_SYS_TIME_H 1
| #define HAVE_SYSLOG_H 1
| #define HAVE_UNISTD_H 1
| #define TIME_WITH_SYS_TIME 1
| #define HAVE_UNISTD_H 1
| /* end confdefs.h.  */
| #include <vfork.h>
configure:3977: result: no
configure:4013: checking for vfork.h
configure:4020: result: no
configure:4038: checking for fork
configure:4088: gcc -o conftest  -g -D__M64   conftest.c -lm  >&5
configure:4093: warning: conflicting types for built-in function 'fork'
configure:4091: $? = 0
configure:4094: test -s conftest
configure:4097: $? = 0
configure:4108: result: yes
configure:4038: checking for vfork
configure:4088: gcc -o conftest  -g -D__M64   conftest.c -lm  >&5
configure:4091: $? = 0
configure:4094: test -s conftest
configure:4097: $? = 0
configure:4108: result: yes
configure:4119: checking for working fork
configure:4142: gcc -o conftest  -g -D__M64   conftest.c -lm  >&5
conftest.c: In function 'main':
conftest.c:10: warning: incompatible implicit declaration of built-in function 'exit'
configure:4145: $? = 0
configure:4147: ./conftest
configure:4150: $? = 0
configure:4164: result: yes
configure:4185: checking for working vfork
configure:4319: result: yes
configure:4355: checking for stdlib.h
configure:4360: result: yes
configure:4492: checking for GNU libc compatible malloc
configure:4522: gcc -o conftest  -g -D__M64   conftest.c -lm  >&5
configure:4525: $? = 0
configure:4527: ./conftest
configure:4530: $? = 0
configure:4544: result: yes
configure:4567: checking for working memcmp
configure:4616: gcc -o conftest  -g -D__M64   conftest.c -lm  >&5
configure: In function 'main':
configure:4623: warning: incompatible implicit declaration of built-in function 'exit'
configure:4636: warning: incompatible implicit declaration of built-in function 'strcpy'
configure:4619: $? = 0
configure:4621: ./conftest
configure:4624: $? = 0
configure:4638: result: yes
configure:4648: checking for sys/time.h
configure:4653: result: yes
configure:4648: checking for unistd.h
configure:4653: result: yes
configure:4789: checking for alarm
configure:4839: gcc -o conftest  -g -D__M64   conftest.c -lm  >&5
configure:4842: $? = 0
configure:4845: test -s conftest
configure:4848: $? = 0
configure:4859: result: yes
configure:4869: checking for working mktime
configure:5031: gcc -o conftest  -g -D__M64   conftest.c -lm  >&5
configure: In function 'spring_forward_gap':
configure:4974: warning: incompatible implicit declaration of built-in function 'exit'
configure: In function 'mktime_test':
configure:4983: warning: incompatible implicit declaration of built-in function 'exit'
configure: In function 'irix_6_4_bug':
configure:5003: warning: incompatible implicit declaration of built-in function 'exit'
configure: In function 'bigtime_test':
configure:5028: warning: incompatible implicit declaration of built-in function 'exit'
configure: In function 'main':
configure:5063: warning: incompatible implicit declaration of built-in function 'exit'
configure:5034: $? = 0
configure:5036: ./conftest
configure:5039: $? = 0
configure:5053: result: yes
configure:5064: checking for stdlib.h
configure:5069: result: yes
configure:5201: checking for GNU libc compatible realloc
configure:5231: gcc -o conftest  -g -D__M64   conftest.c -lm  >&5
configure:5234: $? = 0
configure:5236: ./conftest
configure:5239: $? = 0
configure:5253: result: yes
configure:5291: checking sys/select.h usability
configure:5304: gcc -c  -g -D__M64  conftest.c >&5
configure:5307: $? = 0
configure:5310: test -s conftest.o
configure:5313: $? = 0
configure:5323: result: yes
configure:5327: checking sys/select.h presence
configure:5338: gcc -E  conftest.c
configure:5344: $? = 0
configure:5363: result: yes
configure:5399: checking for sys/select.h
configure:5406: result: yes
configure:5282: checking for sys/socket.h
configure:5287: result: yes
configure:5419: checking types of arguments for select
configure:5453: gcc -c  -g -D__M64  conftest.c >&5
configure:5456: $? = 0
configure:5459: test -s conftest.o
configure:5462: $? = 0
configure:5478: result: int,fd_set *,struct timeval *
configure:5501: checking whether setpgrp takes no argument
configure:5534: gcc -o conftest  -g -D__M64   conftest.c -lm  >&5
configure: In function 'main':
configure:5571: warning: incompatible implicit declaration of built-in function 'exit'
configure:5571: error: too many arguments to function 'setpgrp'
configure:5537: $? = 1
configure: program exited with status 1
configure: failed program was:
| #line 5511 "configure"
| /* confdefs.h.  */
| 
| #define PACKAGE_NAME "maui"
| #define PACKAGE_TARNAME "maui"
| #define PACKAGE_VERSION "3.3.1"
| #define PACKAGE_STRING "maui 3.3.1"
| #define PACKAGE_BUGREPORT "help@supercluster.org"
| #define HAVE_LIBM 1
| #define STDC_HEADERS 1
| #define HAVE_SYS_WAIT_H 1
| #define HAVE_SYS_TYPES_H 1
| #define HAVE_SYS_STAT_H 1
| #define HAVE_STDLIB_H 1
| #define HAVE_STRING_H 1
| #define HAVE_MEMORY_H 1
| #define HAVE_STRINGS_H 1
| #define HAVE_INTTYPES_H 1
| #define HAVE_STDINT_H 1
| #define HAVE_UNISTD_H 1
| #define HAVE_ARPA_INET_H 1
| #define HAVE_FCNTL_H 1
| #define HAVE_LOCALE_H 1
| #define HAVE_NETDB_H 1
| #define HAVE_NETINET_IN_H 1
| #define HAVE_STDLIB_H 1
| #define HAVE_STRING_H 1
| #define HAVE_STRINGS_H 1
| #define HAVE_SYS_SOCKET_H 1
| #define HAVE_SYS_TIME_H 1
| #define HAVE_SYSLOG_H 1
| #define HAVE_UNISTD_H 1
| #define TIME_WITH_SYS_TIME 1
| #define HAVE_UNISTD_H 1
| #define HAVE_FORK 1
| #define HAVE_VFORK 1
| #define HAVE_WORKING_VFORK 1
| #define HAVE_WORKING_FORK 1
| #define HAVE_STDLIB_H 1
| #define HAVE_MALLOC 1
| #define HAVE_SYS_TIME_H 1
| #define HAVE_UNISTD_H 1
| #define HAVE_ALARM 1
| #define HAVE_STDLIB_H 1
| #define HAVE_REALLOC 1
| #define HAVE_SYS_SELECT_H 1
| #define HAVE_SYS_SOCKET_H 1
| #define SELECT_TYPE_ARG1 int
| #define SELECT_TYPE_ARG234 (fd_set *)
| #define SELECT_TYPE_ARG5 (struct timeval *)
| /* end confdefs.h.  */
| #if HAVE_UNISTD_H
| # include <unistd.h>
| #endif
| 
| int
| main ()
| {
| /* If this system has a BSD-style setpgrp which takes arguments,
|   setpgrp(1, 1) will fail with ESRCH and return -1, in that case
|   exit successfully. */
|   exit (setpgrp (1,1) == -1 ? 0 : 1);
|   ;
|   return 0;
| }
configure:5556: result: yes
configure:5566: checking for function prototypes
configure:5569: result: yes
configure:5586: checking whether setvbuf arguments are reversed
configure:5612: gcc -o conftest  -g -D__M64   conftest.c -lm  >&5
configure:5647: error: conflicting types for 'setvbuf'
/usr/include/stdio.h:335: note: previous declaration of 'setvbuf' was here
configure:5615: $? = 1
configure: failed program was:
| #line 5592 "configure"
| /* confdefs.h.  */
| 
| #define PACKAGE_NAME "maui"
| #define PACKAGE_TARNAME "maui"
| #define PACKAGE_VERSION "3.3.1"
| #define PACKAGE_STRING "maui 3.3.1"
| #define PACKAGE_BUGREPORT "help@supercluster.org"
| #define HAVE_LIBM 1
| #define STDC_HEADERS 1
| #define HAVE_SYS_WAIT_H 1
| #define HAVE_SYS_TYPES_H 1
| #define HAVE_SYS_STAT_H 1
| #define HAVE_STDLIB_H 1
| #define HAVE_STRING_H 1
| #define HAVE_MEMORY_H 1
| #define HAVE_STRINGS_H 1
| #define HAVE_INTTYPES_H 1
| #define HAVE_STDINT_H 1
| #define HAVE_UNISTD_H 1
| #define HAVE_ARPA_INET_H 1
| #define HAVE_FCNTL_H 1
| #define HAVE_LOCALE_H 1
| #define HAVE_NETDB_H 1
| #define HAVE_NETINET_IN_H 1
| #define HAVE_STDLIB_H 1
| #define HAVE_STRING_H 1
| #define HAVE_STRINGS_H 1
| #define HAVE_SYS_SOCKET_H 1
| #define HAVE_SYS_TIME_H 1
| #define HAVE_SYSLOG_H 1
| #define HAVE_UNISTD_H 1
| #define TIME_WITH_SYS_TIME 1
| #define HAVE_UNISTD_H 1
| #define HAVE_FORK 1
| #define HAVE_VFORK 1
| #define HAVE_WORKING_VFORK 1
| #define HAVE_WORKING_FORK 1
| #define HAVE_STDLIB_H 1
| #define HAVE_MALLOC 1
| #define HAVE_SYS_TIME_H 1
| #define HAVE_UNISTD_H 1
| #define HAVE_ALARM 1
| #define HAVE_STDLIB_H 1
| #define HAVE_REALLOC 1
| #define HAVE_SYS_SELECT_H 1
| #define HAVE_SYS_SOCKET_H 1
| #define SELECT_TYPE_ARG1 int
| #define SELECT_TYPE_ARG234 (fd_set *)
| #define SELECT_TYPE_ARG5 (struct timeval *)
| #define SETPGRP_VOID 1
| #define PROTOTYPES 1
| #define __PROTOTYPES 1
| /* end confdefs.h.  */
| #include <stdio.h>
| #	  if PROTOTYPES
| 	   int (setvbuf) (FILE *, int, char *, size_t);
| #	  endif
| int
| main ()
| {
| char buf; return setvbuf (stdout, _IOLBF, &buf, 1);
|   ;
|   return 0;
| }
configure:5719: result: no
configure:5729: checking return type of signal handlers
configure:5761: gcc -c  -g -D__M64  conftest.c >&5
configure:5764: $? = 0
configure:5767: test -s conftest.o
configure:5770: $? = 0
configure:5781: result: void
configure:5789: checking whether lstat dereferences a symlink specified with a trailing slash
configure:5821: gcc -o conftest  -g -D__M64   conftest.c -lm  >&5
configure:5824: $? = 0
configure:5826: ./conftest
configure:5829: $? = 0
configure:5850: result: yes
configure:5864: checking whether stat accepts an empty string
configure:5890: gcc -o conftest  -g -D__M64   conftest.c -lm  >&5
configure:5893: $? = 0
configure:5895: ./conftest
configure:5898: $? = 1
configure: program exited with status 1
configure: failed program was:
| #line 5872 "configure"
| /* confdefs.h.  */
| 
| #define PACKAGE_NAME "maui"
| #define PACKAGE_TARNAME "maui"
| #define PACKAGE_VERSION "3.3.1"
| #define PACKAGE_STRING "maui 3.3.1"
| #define PACKAGE_BUGREPORT "help@supercluster.org"
| #define HAVE_LIBM 1
| #define STDC_HEADERS 1
| #define HAVE_SYS_WAIT_H 1
| #define HAVE_SYS_TYPES_H 1
| #define HAVE_SYS_STAT_H 1
| #define HAVE_STDLIB_H 1
| #define HAVE_STRING_H 1
| #define HAVE_MEMORY_H 1
| #define HAVE_STRINGS_H 1
| #define HAVE_INTTYPES_H 1
| #define HAVE_STDINT_H 1
| #define HAVE_UNISTD_H 1
| #define HAVE_ARPA_INET_H 1
| #define HAVE_FCNTL_H 1
| #define HAVE_LOCALE_H 1
| #define HAVE_NETDB_H 1
| #define HAVE_NETINET_IN_H 1
| #define HAVE_STDLIB_H 1
| #define HAVE_STRING_H 1
| #define HAVE_STRINGS_H 1
| #define HAVE_SYS_SOCKET_H 1
| #define HAVE_SYS_TIME_H 1
| #define HAVE_SYSLOG_H 1
| #define HAVE_UNISTD_H 1
| #define TIME_WITH_SYS_TIME 1
| #define HAVE_UNISTD_H 1
| #define HAVE_FORK 1
| #define HAVE_VFORK 1
| #define HAVE_WORKING_VFORK 1
| #define HAVE_WORKING_FORK 1
| #define HAVE_STDLIB_H 1
| #define HAVE_MALLOC 1
| #define HAVE_SYS_TIME_H 1
| #define HAVE_UNISTD_H 1
| #define HAVE_ALARM 1
| #define HAVE_STDLIB_H 1
| #define HAVE_REALLOC 1
| #define HAVE_SYS_SELECT_H 1
| #define HAVE_SYS_SOCKET_H 1
| #define SELECT_TYPE_ARG1 int
| #define SELECT_TYPE_ARG234 (fd_set *)
| #define SELECT_TYPE_ARG5 (struct timeval *)
| #define SETPGRP_VOID 1
| #define PROTOTYPES 1
| #define __PROTOTYPES 1
| #define RETSIGTYPE void
| #define LSTAT_FOLLOWS_SLASHED_SYMLINK 1
| /* end confdefs.h.  */
| #include <stdio.h>
| #if HAVE_SYS_TYPES_H
| # include <sys/types.h>
| #endif
| #if HAVE_SYS_STAT_H
| # include <sys/stat.h>
| #endif
| #if STDC_HEADERS
| # include <stdlib.h>
| # include <stddef.h>
| #else
| # if HAVE_STDLIB_H
| #  include <stdlib.h>
| # endif
| #endif
| #if HAVE_STRING_H
| # if !STDC_HEADERS && HAVE_MEMORY_H
| #  include <memory.h>
| # endif
| # include <string.h>
| #endif
| #if HAVE_STRINGS_H
| # include <strings.h>
| #endif
| #if HAVE_INTTYPES_H
| # include <inttypes.h>
| #else
| # if HAVE_STDINT_H
| #  include <stdint.h>
| # endif
| #endif
| #if HAVE_UNISTD_H
| # include <unistd.h>
| #endif
| int
| main ()
| {
| struct stat sbuf;
|   exit (stat ("", &sbuf) ? 1 : 0);
|   ;
|   return 0;
| }
configure:5912: result: no
configure:5927: checking for strftime
configure:5977: gcc -o conftest  -g -D__M64   conftest.c -lm  >&5
configure:6003: warning: conflicting types for built-in function 'strftime'
configure:5980: $? = 0
configure:5983: test -s conftest
configure:5986: $? = 0
configure:5997: result: yes
configure:6071: checking for working strtod
configure:6115: gcc -o conftest  -g -D__M64   conftest.c -lm  >&5
configure: In function 'main':
configure:6147: warning: incompatible implicit declaration of built-in function 'exit'
configure:6157: warning: incompatible implicit declaration of built-in function 'exit'
configure:6159: warning: incompatible implicit declaration of built-in function 'exit'
configure:6118: $? = 0
configure:6120: ./conftest
configure:6123: $? = 0
configure:6137: result: yes
configure:6284: checking for vprintf
configure:6334: gcc -o conftest  -g -D__M64   conftest.c -lm  >&5
configure:6361: warning: conflicting types for built-in function 'vprintf'
configure:6337: $? = 0
configure:6340: test -s conftest
configure:6343: $? = 0
configure:6354: result: yes
configure:6361: checking for _doprnt
configure:6411: gcc -o conftest  -g -D__M64   conftest.c -lm  >&5
/tmp/ccQJmvUT.o: In function `main':
/opt/rocks/share/devel/src/roll/torque-roll/BUILD/maui-3.3.1/maui-3.3.1/configure:6455: undefined reference to `_doprnt'
/tmp/ccQJmvUT.o:(.data+0x0): undefined reference to `_doprnt'
collect2: ld returned 1 exit status
configure:6414: $? = 1
configure: failed program was:
| #line 6366 "configure"
| /* confdefs.h.  */
| 
| #define PACKAGE_NAME "maui"
| #define PACKAGE_TARNAME "maui"
| #define PACKAGE_VERSION "3.3.1"
| #define PACKAGE_STRING "maui 3.3.1"
| #define PACKAGE_BUGREPORT "help@supercluster.org"
| #define HAVE_LIBM 1
| #define STDC_HEADERS 1
| #define HAVE_SYS_WAIT_H 1
| #define HAVE_SYS_TYPES_H 1
| #define HAVE_SYS_STAT_H 1
| #define HAVE_STDLIB_H 1
| #define HAVE_STRING_H 1
| #define HAVE_MEMORY_H 1
| #define HAVE_STRINGS_H 1
| #define HAVE_INTTYPES_H 1
| #define HAVE_STDINT_H 1
| #define HAVE_UNISTD_H 1
| #define HAVE_ARPA_INET_H 1
| #define HAVE_FCNTL_H 1
| #define HAVE_LOCALE_H 1
| #define HAVE_NETDB_H 1
| #define HAVE_NETINET_IN_H 1
| #define HAVE_STDLIB_H 1
| #define HAVE_STRING_H 1
| #define HAVE_STRINGS_H 1
| #define HAVE_SYS_SOCKET_H 1
| #define HAVE_SYS_TIME_H 1
| #define HAVE_SYSLOG_H 1
| #define HAVE_UNISTD_H 1
| #define TIME_WITH_SYS_TIME 1
| #define HAVE_UNISTD_H 1
| #define HAVE_FORK 1
| #define HAVE_VFORK 1
| #define HAVE_WORKING_VFORK 1
| #define HAVE_WORKING_FORK 1
| #define HAVE_STDLIB_H 1
| #define HAVE_MALLOC 1
| #define HAVE_SYS_TIME_H 1
| #define HAVE_UNISTD_H 1
| #define HAVE_ALARM 1
| #define HAVE_STDLIB_H 1
| #define HAVE_REALLOC 1
| #define HAVE_SYS_SELECT_H 1
| #define HAVE_SYS_SOCKET_H 1
| #define SELECT_TYPE_ARG1 int
| #define SELECT_TYPE_ARG234 (fd_set *)
| #define SELECT_TYPE_ARG5 (struct timeval *)
| #define SETPGRP_VOID 1
| #define PROTOTYPES 1
| #define __PROTOTYPES 1
| #define RETSIGTYPE void
| #define LSTAT_FOLLOWS_SLASHED_SYMLINK 1
| #define HAVE_STRFTIME 1
| #define HAVE_VPRINTF 1
| /* end confdefs.h.  */
| /* System header to define __stub macros and hopefully few prototypes,
|     which can conflict with char _doprnt (); below.
|     Prefer <limits.h> to <assert.h> if __STDC__ is defined, since
|     <limits.h> exists even on freestanding compilers.  */
| #ifdef __STDC__
| # include <limits.h>
| #else
| # include <assert.h>
| #endif
| /* Override any gcc2 internal prototype to avoid an error.  */
| #ifdef __cplusplus
| extern "C"
| {
| #endif
| /* We use char because int might match the return type of a gcc2
|    builtin and then its argument prototype would still apply.  */
| char _doprnt ();
| /* The GNU C library defines this for functions which it implements
|     to always fail with ENOSYS.  Some functions are actually named
|     something starting with __ and the normal name is an alias.  */
| #if defined (__stub__doprnt) || defined (__stub____doprnt)
| choke me
| #else
| char (*f) () = _doprnt;
| #endif
| #ifdef __cplusplus
| }
| #endif
| 
| int
| main ()
| {
| return f != _doprnt;
|   ;
|   return 0;
| }
configure:6431: result: no
configure:6469: checking for gethostbyaddr
configure:6519: gcc -o conftest  -g -D__M64   conftest.c -lm  >&5
configure:6522: $? = 0
configure:6525: test -s conftest
configure:6528: $? = 0
configure:6539: result: yes
configure:6469: checking for gethostbyname
configure:6519: gcc -o conftest  -g -D__M64   conftest.c -lm  >&5
configure:6522: $? = 0
configure:6525: test -s conftest
configure:6528: $? = 0
configure:6539: result: yes
configure:6469: checking for gethostname
configure:6519: gcc -o conftest  -g -D__M64   conftest.c -lm  >&5
configure:6522: $? = 0
configure:6525: test -s conftest
configure:6528: $? = 0
configure:6539: result: yes
configure:6469: checking for gettimeofday
configure:6519: gcc -o conftest  -g -D__M64   conftest.c -lm  >&5
configure:6522: $? = 0
configure:6525: test -s conftest
configure:6528: $? = 0
configure:6539: result: yes
configure:6469: checking for inet_ntoa
configure:6519: gcc -o conftest  -g -D__M64   conftest.c -lm  >&5
configure:6522: $? = 0
configure:6525: test -s conftest
configure:6528: $? = 0
configure:6539: result: yes
configure:6469: checking for memchr
configure:6519: gcc -o conftest  -g -D__M64   conftest.c -lm  >&5
configure:6552: warning: conflicting types for built-in function 'memchr'
configure:6522: $? = 0
configure:6525: test -s conftest
configure:6528: $? = 0
configure:6539: result: yes
configure:6469: checking for memset
configure:6519: gcc -o conftest  -g -D__M64   conftest.c -lm  >&5
configure:6553: warning: conflicting types for built-in function 'memset'
configure:6522: $? = 0
configure:6525: test -s conftest
configure:6528: $? = 0
configure:6539: result: yes
configure:6469: checking for pow
configure:6519: gcc -o conftest  -g -D__M64   conftest.c -lm  >&5
configure:6554: warning: conflicting types for built-in function 'pow'
configure:6522: $? = 0
configure:6525: test -s conftest
configure:6528: $? = 0
configure:6539: result: yes
configure:6469: checking for putenv
configure:6519: gcc -o conftest  -g -D__M64   conftest.c -lm  >&5
configure:6522: $? = 0
configure:6525: test -s conftest
configure:6528: $? = 0
configure:6539: result: yes
configure:6469: checking for regcmp
configure:6519: gcc -o conftest  -g -D__M64   conftest.c -lm  >&5
/tmp/cc54GfOv.o: In function `main':
/opt/rocks/share/devel/src/roll/torque-roll/BUILD/maui-3.3.1/maui-3.3.1/configure:6572: undefined reference to `regcmp'
/tmp/cc54GfOv.o:(.data+0x0): undefined reference to `regcmp'
collect2: ld returned 1 exit status
configure:6522: $? = 1
configure: failed program was:
| #line 6474 "configure"
| /* confdefs.h.  */
| 
| #define PACKAGE_NAME "maui"
| #define PACKAGE_TARNAME "maui"
| #define PACKAGE_VERSION "3.3.1"
| #define PACKAGE_STRING "maui 3.3.1"
| #define PACKAGE_BUGREPORT "help@supercluster.org"
| #define HAVE_LIBM 1
| #define STDC_HEADERS 1
| #define HAVE_SYS_WAIT_H 1
| #define HAVE_SYS_TYPES_H 1
| #define HAVE_SYS_STAT_H 1
| #define HAVE_STDLIB_H 1
| #define HAVE_STRING_H 1
| #define HAVE_MEMORY_H 1
| #define HAVE_STRINGS_H 1
| #define HAVE_INTTYPES_H 1
| #define HAVE_STDINT_H 1
| #define HAVE_UNISTD_H 1
| #define HAVE_ARPA_INET_H 1
| #define HAVE_FCNTL_H 1
| #define HAVE_LOCALE_H 1
| #define HAVE_NETDB_H 1
| #define HAVE_NETINET_IN_H 1
| #define HAVE_STDLIB_H 1
| #define HAVE_STRING_H 1
| #define HAVE_STRINGS_H 1
| #define HAVE_SYS_SOCKET_H 1
| #define HAVE_SYS_TIME_H 1
| #define HAVE_SYSLOG_H 1
| #define HAVE_UNISTD_H 1
| #define TIME_WITH_SYS_TIME 1
| #define HAVE_UNISTD_H 1
| #define HAVE_FORK 1
| #define HAVE_VFORK 1
| #define HAVE_WORKING_VFORK 1
| #define HAVE_WORKING_FORK 1
| #define HAVE_STDLIB_H 1
| #define HAVE_MALLOC 1
| #define HAVE_SYS_TIME_H 1
| #define HAVE_UNISTD_H 1
| #define HAVE_ALARM 1
| #define HAVE_STDLIB_H 1
| #define HAVE_REALLOC 1
| #define HAVE_SYS_SELECT_H 1
| #define HAVE_SYS_SOCKET_H 1
| #define SELECT_TYPE_ARG1 int
| #define SELECT_TYPE_ARG234 (fd_set *)
| #define SELECT_TYPE_ARG5 (struct timeval *)
| #define SETPGRP_VOID 1
| #define PROTOTYPES 1
| #define __PROTOTYPES 1
| #define RETSIGTYPE void
| #define LSTAT_FOLLOWS_SLASHED_SYMLINK 1
| #define HAVE_STRFTIME 1
| #define HAVE_VPRINTF 1
| #define HAVE_GETHOSTBYADDR 1
| #define HAVE_GETHOSTBYNAME 1
| #define HAVE_GETHOSTNAME 1
| #define HAVE_GETTIMEOFDAY 1
| #define HAVE_INET_NTOA 1
| #define HAVE_MEMCHR 1
| #define HAVE_MEMSET 1
| #define HAVE_POW 1
| #define HAVE_PUTENV 1
| /* end confdefs.h.  */
| /* System header to define __stub macros and hopefully few prototypes,
|     which can conflict with char regcmp (); below.
|     Prefer <limits.h> to <assert.h> if __STDC__ is defined, since
|     <limits.h> exists even on freestanding compilers.  */
| #ifdef __STDC__
| # include <limits.h>
| #else
| # include <assert.h>
| #endif
| /* Override any gcc2 internal prototype to avoid an error.  */
| #ifdef __cplusplus
| extern "C"
| {
| #endif
| /* We use char because int might match the return type of a gcc2
|    builtin and then its argument prototype would still apply.  */
| char regcmp ();
| /* The GNU C library defines this for functions which it implements
|     to always fail with ENOSYS.  Some functions are actually named
|     something starting with __ and the normal name is an alias.  */
| #if defined (__stub_regcmp) || defined (__stub___regcmp)
| choke me
| #else
| char (*f) () = regcmp;
| #endif
| #ifdef __cplusplus
| }
| #endif
| 
| int
| main ()
| {
| return f != regcmp;
|   ;
|   return 0;
| }
configure:6539: result: no
configure:6469: checking for regcomp
configure:6519: gcc -o conftest  -g -D__M64   conftest.c -lm  >&5
configure:6522: $? = 0
configure:6525: test -s conftest
configure:6528: $? = 0
configure:6539: result: yes
configure:6469: checking for select
configure:6519: gcc -o conftest  -g -D__M64   conftest.c -lm  >&5
configure:6522: $? = 0
configure:6525: test -s conftest
configure:6528: $? = 0
configure:6539: result: yes
configure:6469: checking for setlocale
configure:6519: gcc -o conftest  -g -D__M64   conftest.c -lm  >&5
configure:6522: $? = 0
configure:6525: test -s conftest
configure:6528: $? = 0
configure:6539: result: yes
configure:6469: checking for socket
configure:6519: gcc -o conftest  -g -D__M64   conftest.c -lm  >&5
configure:6522: $? = 0
configure:6525: test -s conftest
configure:6528: $? = 0
configure:6539: result: yes
configure:6469: checking for strchr
configure:6519: gcc -o conftest  -g -D__M64   conftest.c -lm  >&5
configure:6560: warning: conflicting types for built-in function 'strchr'
configure:6522: $? = 0
configure:6525: test -s conftest
configure:6528: $? = 0
configure:6539: result: yes
configure:6469: checking for strdup
configure:6519: gcc -o conftest  -g -D__M64   conftest.c -lm  >&5
configure:6561: warning: conflicting types for built-in function 'strdup'
configure:6522: $? = 0
configure:6525: test -s conftest
configure:6528: $? = 0
configure:6539: result: yes
configure:6469: checking for strerror
configure:6519: gcc -o conftest  -g -D__M64   conftest.c -lm  >&5
configure:6522: $? = 0
configure:6525: test -s conftest
configure:6528: $? = 0
configure:6539: result: yes
configure:6469: checking for strrchr
configure:6519: gcc -o conftest  -g -D__M64   conftest.c -lm  >&5
configure:6563: warning: conflicting types for built-in function 'strrchr'
configure:6522: $? = 0
configure:6525: test -s conftest
configure:6528: $? = 0
configure:6539: result: yes
configure:6469: checking for strstr
configure:6519: gcc -o conftest  -g -D__M64   conftest.c -lm  >&5
configure:6564: warning: conflicting types for built-in function 'strstr'
configure:6522: $? = 0
configure:6525: test -s conftest
configure:6528: $? = 0
configure:6539: result: yes
configure:6469: checking for strtol
configure:6519: gcc -o conftest  -g -D__M64   conftest.c -lm  >&5
configure:6522: $? = 0
configure:6525: test -s conftest
configure:6528: $? = 0
configure:6539: result: yes
configure:6469: checking for strtoul
configure:6519: gcc -o conftest  -g -D__M64   conftest.c -lm  >&5
configure:6522: $? = 0
configure:6525: test -s conftest
configure:6528: $? = 0
configure:6539: result: yes
configure:6687: creating ./config.status

## ---------------------- ##
## Running config.status. ##
## ---------------------- ##

This file was extended by maui config.status 3.3.1, which was
generated by GNU Autoconf 2.57.  Invocation command line was

  CONFIG_FILES    = 
  CONFIG_HEADERS  = 
  CONFIG_LINKS    = 
  CONFIG_COMMANDS = 
  $ ./config.status 

on tscc-0-62.sdsc.edu

config.status:665: creating include/Makefile.inc.ll
config.status:665: creating include/Makefile.inc.sdr
config.status:665: creating include/Makefile.inc.pbs
config.status:665: creating include/Makefile.inc.sge
config.status:665: creating include/Makefile.inc.lsf
config.status:665: creating include/Makefile.inc.mx
config.status:665: creating include/Makefile.inc.pcre
config.status:665: creating Makefile
config.status:665: creating include/maui.cfg.dist.inc.rm
config.status:665: creating maui.cfg.dist
config.status:665: creating maui-private.cfg.dist
config.status:665: creating etc/maui.sh
config.status:665: creating etc/maui.csh
config.status:665: creating include/moab-local.h
configure:7516:
Remember to add /opt/maui/bin to your PATH
configure:7523: NOTE:  link 'docs/mauidocs.html' to your local website for access to user and admin documentation
NOTE:  latest downloads, patches, etc are available at 'http://supercluster.org/maui'

configure successful.

## ---------------- ##
## Cache variables. ##
## ---------------- ##

ac_cv_c_compiler_gnu=yes
ac_cv_c_const=yes
ac_cv_env_CC_set=
ac_cv_env_CC_value=
ac_cv_env_CFLAGS_set=set
ac_cv_env_CFLAGS_value=' -g'
ac_cv_env_CPPFLAGS_set=
ac_cv_env_CPPFLAGS_value=
ac_cv_env_CPP_set=
ac_cv_env_CPP_value=
ac_cv_env_LDFLAGS_set=
ac_cv_env_LDFLAGS_value=
ac_cv_env_build_alias_set=
ac_cv_env_build_alias_value=
ac_cv_env_host_alias_set=
ac_cv_env_host_alias_value=
ac_cv_env_target_alias_set=
ac_cv_env_target_alias_value=
ac_cv_exeext=
ac_cv_func__doprnt=no
ac_cv_func_alarm=yes
ac_cv_func_fork=yes
ac_cv_func_fork_works=yes
ac_cv_func_gethostbyaddr=yes
ac_cv_func_gethostbyname=yes
ac_cv_func_gethostname=yes
ac_cv_func_gettimeofday=yes
ac_cv_func_inet_ntoa=yes
ac_cv_func_lstat_dereferences_slashed_symlink=yes
ac_cv_func_malloc_0_nonnull=yes
ac_cv_func_memchr=yes
ac_cv_func_memcmp_working=yes
ac_cv_func_memset=yes
ac_cv_func_pow=yes
ac_cv_func_putenv=yes
ac_cv_func_realloc_0_nonnull=yes
ac_cv_func_regcmp=no
ac_cv_func_regcomp=yes
ac_cv_func_select=yes
ac_cv_func_select_args='int,fd_set *,struct timeval *'
ac_cv_func_setlocale=yes
ac_cv_func_setpgrp_void=yes
ac_cv_func_setvbuf_reversed=no
ac_cv_func_socket=yes
ac_cv_func_stat_empty_string_bug=no
ac_cv_func_strchr=yes
ac_cv_func_strdup=yes
ac_cv_func_strerror=yes
ac_cv_func_strftime=yes
ac_cv_func_strrchr=yes
ac_cv_func_strstr=yes
ac_cv_func_strtod=yes
ac_cv_func_strtol=yes
ac_cv_func_strtoul=yes
ac_cv_func_vfork=yes
ac_cv_func_vfork_works=yes
ac_cv_func_vprintf=yes
ac_cv_func_working_mktime=yes
ac_cv_header_arpa_inet_h=yes
ac_cv_header_fcntl_h=yes
ac_cv_header_inttypes_h=yes
ac_cv_header_locale_h=yes
ac_cv_header_memory_h=yes
ac_cv_header_netdb_h=yes
ac_cv_header_netinet_in_h=yes
ac_cv_header_stat_broken=no
ac_cv_header_stdc=yes
ac_cv_header_stdint_h=yes
ac_cv_header_stdlib_h=yes
ac_cv_header_string_h=yes
ac_cv_header_strings_h=yes
ac_cv_header_sys_select_h=yes
ac_cv_header_sys_socket_h=yes
ac_cv_header_sys_stat_h=yes
ac_cv_header_sys_time_h=yes
ac_cv_header_sys_types_h=yes
ac_cv_header_sys_wait_h=yes
ac_cv_header_syslog_h=yes
ac_cv_header_time=yes
ac_cv_header_unistd_h=yes
ac_cv_header_vfork_h=no
ac_cv_lib_m_sqrt=yes
ac_cv_objext=o
ac_cv_prog_CPP='gcc -E'
ac_cv_prog_ac_ct_CC=gcc
ac_cv_prog_cc_g=yes
ac_cv_prog_cc_stdc=
ac_cv_prog_egrep='grep -E'
ac_cv_struct_tm=time.h
ac_cv_type_pid_t=yes
ac_cv_type_signal=void
ac_cv_type_uid_t=yes

## ----------------- ##
## Output variables. ##
## ----------------- ##

AMHOST=''
AMOTHER=''
AMPORT=''
AMSOCKETPROTOCOL=''
AMTYPE='NONE'
AMWIREPROTOCOL=''
BUILDDATE='Wed Oct 16 10:01:38 PDT 2013'
BUILDDIR='/opt/rocks/share/devel/src/roll/torque-roll/BUILD/maui-3.3.1/maui-3.3.1'
CC='gcc'
CFLAGS=' -g -D__M64'
CPP='gcc -E'
CPPFLAGS=''
DAEMONDEF=''
DEFS='-DPACKAGE_NAME=\"maui\" -DPACKAGE_TARNAME=\"maui\" -DPACKAGE_VERSION=\"3.3.1\" -DPACKAGE_STRING=\"maui\ 3.3.1\" -DPACKAGE_BUGREPORT=\"help@supercluster.org\" -DHAVE_LIBM=1 -DSTDC_HEADERS=1 -DHAVE_SYS_WAIT_H=1 -DHAVE_SYS_TYPES_H=1 -DHAVE_SYS_STAT_H=1 -DHAVE_STDLIB_H=1 -DHAVE_STRING_H=1 -DHAVE_MEMORY_H=1 -DHAVE_STRINGS_H=1 -DHAVE_INTTYPES_H=1 -DHAVE_STDINT_H=1 -DHAVE_UNISTD_H=1 -DHAVE_ARPA_INET_H=1 -DHAVE_FCNTL_H=1 -DHAVE_LOCALE_H=1 -DHAVE_NETDB_H=1 -DHAVE_NETINET_IN_H=1 -DHAVE_STDLIB_H=1 -DHAVE_STRING_H=1 -DHAVE_STRINGS_H=1 -DHAVE_SYS_SOCKET_H=1 -DHAVE_SYS_TIME_H=1 -DHAVE_SYSLOG_H=1 -DHAVE_UNISTD_H=1 -DTIME_WITH_SYS_TIME=1 -DHAVE_UNISTD_H=1 -DHAVE_FORK=1 -DHAVE_VFORK=1 -DHAVE_WORKING_VFORK=1 -DHAVE_WORKING_FORK=1 -DHAVE_STDLIB_H=1 -DHAVE_MALLOC=1 -DHAVE_SYS_TIME_H=1 -DHAVE_UNISTD_H=1 -DHAVE_ALARM=1 -DHAVE_STDLIB_H=1 -DHAVE_REALLOC=1 -DHAVE_SYS_SELECT_H=1 -DHAVE_SYS_SOCKET_H=1 -DSELECT_TYPE_ARG1=int -DSELECT_TYPE_ARG234=\(fd_set\ \*\) -DSELECT_TYPE_ARG5=\(struct\ timeval\ \*\) -DSETPGRP_VOID=1 -DPROTOTYPES=1 -D__PROTOTYPES=1 -DRETSIGTYPE=void -DLSTAT_FOLLOWS_SLASHED_SYMLINK=1 -DHAVE_STRFTIME=1 -DHAVE_VPRINTF=1 -DHAVE_GETHOSTBYADDR=1 -DHAVE_GETHOSTBYNAME=1 -DHAVE_GETHOSTNAME=1 -DHAVE_GETTIMEOFDAY=1 -DHAVE_INET_NTOA=1 -DHAVE_MEMCHR=1 -DHAVE_MEMSET=1 -DHAVE_POW=1 -DHAVE_PUTENV=1 -DHAVE_REGCOMP=1 -DHAVE_SELECT=1 -DHAVE_SETLOCALE=1 -DHAVE_SOCKET=1 -DHAVE_STRCHR=1 -DHAVE_STRDUP=1 -DHAVE_STRERROR=1 -DHAVE_STRRCHR=1 -DHAVE_STRSTR=1 -DHAVE_STRTOL=1 -DHAVE_STRTOUL=1 '
ECHO_C=''
ECHO_N='-n'
ECHO_T=''
EGREP='grep -E'
EXEEXT=''
HOSTNAME='tscc-0-62.sdsc.edu'
LDFLAGS=''
LIBOBJS=''
LIBS='-lm '
LLDEF=''
LLDIR=''
LN_S='ln -s'
LSFDEFS=''
LSFDIR='FALSE'
LSFLIBS=''
LTLIBOBJS=''
MACHINE='rocks.dummy.host'
OBJEXT='o'
OPSYS='__LINUX'
OS='Linux'
PACKAGE_BUGREPORT='help@supercluster.org'
PACKAGE_NAME='maui'
PACKAGE_STRING='maui 3.3.1'
PACKAGE_TARNAME='maui'
PACKAGE_VERSION='3.3.1'
PATH_SEPARATOR=':'
PBSCFLAGS='-I/opt/torque/include'
PBSLDFLAGS='-L/opt/torque/lib -ltorque -Wl,--rpath -Wl,/opt/torque/lib'
PBSTARGETDIR='/opt/torque'
PCREDIR='FALSE'
POW_LIB=''
RMHOST=''
RMNMHOST=''
RMNMPORT=''
RMPORT=''
RMSOCKETPROTOCOL=''
RMTYPE='PBS'
RMVERSION=''
RMWIREPROTOCOL=''
SEED='0'
SGEBUILDDIR='FALSE'
SGEOSDIR=''
SHELL='/bin/sh'
SPOOLDIR='/opt/maui'
USER='root'
ac_ct_CC='gcc'
bindir='${exec_prefix}/bin'
build_alias=''
datadir='${prefix}/share'
exec_prefix='${prefix}'
host_alias=''
includedir='${prefix}/include'
infodir='${prefix}/info'
libdir='${exec_prefix}/lib'
libexecdir='${exec_prefix}/libexec'
localstatedir='${prefix}/var'
mandir='${prefix}/man'
oldincludedir='/usr/include'
prefix='/opt/maui'
program_transform_name='s,x,x,'
sbindir='${exec_prefix}/sbin'
sharedstatedir='${prefix}/com'
sysconfdir='${prefix}/etc'
target_alias=''

## ------------- ##
## Output files. ##
## ------------- ##

ll_definitions=''
lsf_definitions=''
mx_definitions=''
pbs_definitions='include/Makefile.inc.pbs'
pcre_definitions=''
rm_config='include/maui.cfg.dist.inc.rm'
sdr_definitions=''
sge_definitions=''

## ----------- ##
## confdefs.h. ##
## ----------- ##

#define HAVE_ALARM 1
#define HAVE_ARPA_INET_H 1
#define HAVE_FCNTL_H 1
#define HAVE_FORK 1
#define HAVE_GETHOSTBYADDR 1
#define HAVE_GETHOSTBYNAME 1
#define HAVE_GETHOSTNAME 1
#define HAVE_GETTIMEOFDAY 1
#define HAVE_INET_NTOA 1
#define HAVE_INTTYPES_H 1
#define HAVE_LIBM 1
#define HAVE_LOCALE_H 1
#define HAVE_MALLOC 1
#define HAVE_MEMCHR 1
#define HAVE_MEMORY_H 1
#define HAVE_MEMSET 1
#define HAVE_NETDB_H 1
#define HAVE_NETINET_IN_H 1
#define HAVE_POW 1
#define HAVE_PUTENV 1
#define HAVE_REALLOC 1
#define HAVE_REGCOMP 1
#define HAVE_SELECT 1
#define HAVE_SETLOCALE 1
#define HAVE_SOCKET 1
#define HAVE_STDINT_H 1
#define HAVE_STDLIB_H 1
#define HAVE_STDLIB_H 1
#define HAVE_STDLIB_H 1
#define HAVE_STDLIB_H 1
#define HAVE_STRCHR 1
#define HAVE_STRDUP 1
#define HAVE_STRERROR 1
#define HAVE_STRFTIME 1
#define HAVE_STRINGS_H 1
#define HAVE_STRINGS_H 1
#define HAVE_STRING_H 1
#define HAVE_STRING_H 1
#define HAVE_STRRCHR 1
#define HAVE_STRSTR 1
#define HAVE_STRTOL 1
#define HAVE_STRTOUL 1
#define HAVE_SYSLOG_H 1
#define HAVE_SYS_SELECT_H 1
#define HAVE_SYS_SOCKET_H 1
#define HAVE_SYS_SOCKET_H 1
#define HAVE_SYS_STAT_H 1
#define HAVE_SYS_TIME_H 1
#define HAVE_SYS_TIME_H 1
#define HAVE_SYS_TYPES_H 1
#define HAVE_SYS_WAIT_H 1
#define HAVE_UNISTD_H 1
#define HAVE_UNISTD_H 1
#define HAVE_UNISTD_H 1
#define HAVE_UNISTD_H 1
#define HAVE_VFORK 1
#define HAVE_VPRINTF 1
#define HAVE_WORKING_FORK 1
#define HAVE_WORKING_VFORK 1
#define LSTAT_FOLLOWS_SLASHED_SYMLINK 1
#define PACKAGE_BUGREPORT "help@supercluster.org"
#define PACKAGE_NAME "maui"
#define PACKAGE_STRING "maui 3.3.1"
#define PACKAGE_TARNAME "maui"
#define PACKAGE_VERSION "3.3.1"
#define PROTOTYPES 1
#define RETSIGTYPE void
#define SELECT_TYPE_ARG1 int
#define SELECT_TYPE_ARG234 (fd_set *)
#define SELECT_TYPE_ARG5 (struct timeval *)
#define SETPGRP_VOID 1
#define STDC_HEADERS 1
#define TIME_WITH_SYS_TIME 1
#define __PROTOTYPES 1

configure: exit 0
