This file contains any messages produced by compilers while
running configure, to aid debugging if configure makes a mistake.

It was created by configure, which was
generated by GNU Autoconf 2.59.  Invocation command line was

  $ ./configure --build=x86_64-unknown-linux-gnu --host=x86_64-unknown-linux-gnu --target=x86_64-redhat-linux-gnu --program-prefix= --prefix=/usr --exec-prefix=/usr --bindir=/usr/bin --sbindir=/usr/sbin --sysconfdir=/etc --datadir=/usr/share --includedir=/usr/include --libdir=/usr/lib64 --libexecdir=/usr/libexec --localstatedir=/var --sharedstatedir=/var/lib --mandir=/usr/share/man --infodir=/usr/share/info --prefix=/opt/mpiexec --with-pbs=/opt/torque --with-default-comm=pmi

## --------- ##
## Platform. ##
## --------- ##

hostname = tscc-0-62.sdsc.edu
uname -m = x86_64
uname -r = 2.6.32-279.22.1.el6.x86_64
uname -s = Linux
uname -v = #1 SMP Tue May 14 17:25:16 PDT 2013

/usr/bin/uname -p = unknown
/bin/uname -X     = unknown

/bin/arch              = x86_64
/usr/bin/arch -k       = unknown
/usr/convex/getsysinfo = unknown
hostinfo               = unknown
/bin/machine           = unknown
/usr/bin/oslevel       = unknown
/bin/universe          = unknown

PATH: /usr/lib64/qt-3.3/bin
PATH: /usr/local/sbin
PATH: /usr/local/bin
PATH: /sbin
PATH: /bin
PATH: /usr/sbin
PATH: /usr/bin
PATH: /opt/ganglia/bin
PATH: /opt/ganglia/sbin
PATH: /usr/java/latest/bin
PATH: /opt/rocks/bin
PATH: /opt/rocks/sbin
PATH: /root/bin


## ----------- ##
## Core tests. ##
## ----------- ##

configure:1331: checking for x86_64-unknown-linux-gnu-gcc
configure:1360: result: no
configure:1369: checking for gcc
configure:1385: found /usr/bin/gcc
configure:1395: result: gcc
configure:1639: checking for C compiler version
configure:1642: gcc --version </dev/null >&5
gcc (GCC) 4.4.6 20120305 (Red Hat 4.4.6-4)
Copyright (C) 2010 Free Software Foundation, Inc.
This is free software; see the source for copying conditions.  There is NO
warranty; not even for MERCHANTABILITY or FITNESS FOR A PARTICULAR PURPOSE.

configure:1645: $? = 0
configure:1647: gcc -v </dev/null >&5
Using built-in specs.
Target: x86_64-redhat-linux
Configured with: ../configure --prefix=/usr --mandir=/usr/share/man --infodir=/usr/share/info --with-bugurl=http://bugzilla.redhat.com/bugzilla --enable-bootstrap --enable-shared --enable-threads=posix --enable-checking=release --with-system-zlib --enable-__cxa_atexit --disable-libunwind-exceptions --enable-gnu-unique-object --enable-languages=c,c++,objc,obj-c++,java,fortran,ada --enable-java-awt=gtk --disable-dssi --with-java-home=/usr/lib/jvm/java-1.5.0-gcj-1.5.0.0/jre --enable-libgcj-multifile --enable-java-maintainer-mode --with-ecj-jar=/usr/share/java/eclipse-ecj.jar --disable-libjava-multilib --with-ppl --with-cloog --with-tune=generic --with-arch_32=i686 --build=x86_64-redhat-linux
Thread model: posix
gcc version 4.4.6 20120305 (Red Hat 4.4.6-4) (GCC) 
configure:1650: $? = 0
configure:1652: gcc -V </dev/null >&5
gcc: '-V' option must have argument
configure:1655: $? = 1
configure:1678: checking for C compiler default output file name
configure:1681: gcc -O2 -g -pipe -Wall -Wp,-D_FORTIFY_SOURCE=2 -fexceptions -fstack-protector --param=ssp-buffer-size=4 -m64 -mtune=generic   conftest.c  >&5
configure:1684: $? = 0
configure:1730: result: a.out
configure:1735: checking whether the C compiler works
configure:1741: ./a.out
configure:1744: $? = 0
configure:1761: result: yes
configure:1768: checking whether we are cross compiling
configure:1770: result: no
configure:1773: checking for suffix of executables
configure:1775: gcc -o conftest -O2 -g -pipe -Wall -Wp,-D_FORTIFY_SOURCE=2 -fexceptions -fstack-protector --param=ssp-buffer-size=4 -m64 -mtune=generic   conftest.c  >&5
configure:1778: $? = 0
configure:1803: result: 
configure:1809: checking for suffix of object files
configure:1830: gcc -c -O2 -g -pipe -Wall -Wp,-D_FORTIFY_SOURCE=2 -fexceptions -fstack-protector --param=ssp-buffer-size=4 -m64 -mtune=generic  conftest.c >&5
configure:1833: $? = 0
configure:1855: result: o
configure:1859: checking whether we are using the GNU C compiler
configure:1883: gcc -c -O2 -g -pipe -Wall -Wp,-D_FORTIFY_SOURCE=2 -fexceptions -fstack-protector --param=ssp-buffer-size=4 -m64 -mtune=generic  conftest.c >&5
configure:1889: $? = 0
configure:1893: test -z 
			 || test ! -s conftest.err
configure:1896: $? = 0
configure:1899: test -s conftest.o
configure:1902: $? = 0
configure:1915: result: yes
configure:1921: checking whether gcc accepts -g
configure:1942: gcc -c -g  conftest.c >&5
configure:1948: $? = 0
configure:1952: test -z 
			 || test ! -s conftest.err
configure:1955: $? = 0
configure:1958: test -s conftest.o
configure:1961: $? = 0
configure:1972: result: yes
configure:1989: checking for gcc option to accept ANSI C
configure:2059: gcc  -c -O2 -g -pipe -Wall -Wp,-D_FORTIFY_SOURCE=2 -fexceptions -fstack-protector --param=ssp-buffer-size=4 -m64 -mtune=generic  conftest.c >&5
configure:2065: $? = 0
configure:2069: test -z 
			 || test ! -s conftest.err
configure:2072: $? = 0
configure:2075: test -s conftest.o
configure:2078: $? = 0
configure:2096: result: none needed
configure:2114: gcc -c -O2 -g -pipe -Wall -Wp,-D_FORTIFY_SOURCE=2 -fexceptions -fstack-protector --param=ssp-buffer-size=4 -m64 -mtune=generic  conftest.c >&5
conftest.c:2: error: expected '=', ',', ';', 'asm' or '__attribute__' before 'me'
configure:2120: $? = 1
configure: failed program was:
| #ifndef __cplusplus
|   choke me
| #endif
configure:2257: checking whether we are using the Intel C compiler
configure:2276: gcc -c -O2 -g -pipe -Wall -Wp,-D_FORTIFY_SOURCE=2 -fexceptions -fstack-protector --param=ssp-buffer-size=4 -m64 -mtune=generic  conftest.c >&5
conftest.c: In function 'main':
conftest.c:13: error: '__INTEL_COMPILER' undeclared (first use in this function)
conftest.c:13: error: (Each undeclared identifier is reported only once
conftest.c:13: error: for each function it appears in.)
configure:2282: $? = 1
configure: failed program was:
| /* confdefs.h.  */
| 
| #define PACKAGE_NAME ""
| #define PACKAGE_TARNAME ""
| #define PACKAGE_VERSION ""
| #define PACKAGE_STRING ""
| #define PACKAGE_BUGREPORT ""
| /* end confdefs.h.  */
| 
| int
| main ()
| {
| return __INTEL_COMPILER
|   ;
|   return 0;
| }
configure:2305: result: no
configure:2322: checking for library containing socket
configure:2352: gcc -o conftest -O2 -g -pipe -Wall -Wp,-D_FORTIFY_SOURCE=2 -fexceptions -fstack-protector --param=ssp-buffer-size=4 -m64 -mtune=generic   conftest.c  >&5
configure:2358: $? = 0
configure:2362: test -z 
			 || test ! -s conftest.err
configure:2365: $? = 0
configure:2368: test -s conftest
configure:2371: $? = 0
configure:2441: result: none required
configure:2448: checking for library containing gethostbyname
configure:2478: gcc -o conftest -O2 -g -pipe -Wall -Wp,-D_FORTIFY_SOURCE=2 -fexceptions -fstack-protector --param=ssp-buffer-size=4 -m64 -mtune=generic   conftest.c  >&5
configure:2484: $? = 0
configure:2488: test -z 
			 || test ! -s conftest.err
configure:2491: $? = 0
configure:2494: test -s conftest
configure:2497: $? = 0
configure:2567: result: none required
configure:2581: checking for pbs-config
configure:2600: found /opt/torque/bin/pbs-config
configure:2613: result: /opt/torque/bin/pbs-config
configure:3232: checking for sed
configure:3250: found /bin/sed
configure:3262: result: /bin/sed
configure:3372: checking how to run the C preprocessor
configure:3407: gcc -E  conftest.c
configure:3413: $? = 0
configure:3445: gcc -E  conftest.c
conftest.c:27:28: error: ac_nonexistent.h: No such file or directory
configure:3451: $? = 1
configure: failed program was:
| /* confdefs.h.  */
| 
| #define PACKAGE_NAME ""
| #define PACKAGE_TARNAME ""
| #define PACKAGE_VERSION ""
| #define PACKAGE_STRING ""
| #define PACKAGE_BUGREPORT ""
| #define HAVE_PBSPRO_HELPER 0
| #define HAVE_COMM_MPICH_GM 1
| #define HAVE_COMM_MPICH_P4 1
| #define HAVE_P4_SHMEM 1
| #define HAVE_COMM_MPICH_IB 1
| #define HAVE_COMM_MPICH_PSM 1
| #define HAVE_COMM_MPICH_RAI 1
| #define HAVE_COMM_MPICH2_PMI 1
| #define HAVE_COMM_LAM 1
| #define HAVE_COMM_SHMEM 1
| #define HAVE_COMM_EMP 1
| #define HAVE_COMM_PORTALS 1
| #define HAVE_COMM_NONE 1
| #define COMM_DEFAULT COMM_MPICH2_PMI
| #define SED_PATH "/bin/sed"
| #define HAVE_SED 1
| #define FAST_DIST_PATH ""
| #define HAVE_FAST_DIST 0
| /* end confdefs.h.  */
| #include <ac_nonexistent.h>
configure:3490: result: gcc -E
configure:3514: gcc -E  conftest.c
configure:3520: $? = 0
configure:3552: gcc -E  conftest.c
conftest.c:27:28: error: ac_nonexistent.h: No such file or directory
configure:3558: $? = 1
configure: failed program was:
| /* confdefs.h.  */
| 
| #define PACKAGE_NAME ""
| #define PACKAGE_TARNAME ""
| #define PACKAGE_VERSION ""
| #define PACKAGE_STRING ""
| #define PACKAGE_BUGREPORT ""
| #define HAVE_PBSPRO_HELPER 0
| #define HAVE_COMM_MPICH_GM 1
| #define HAVE_COMM_MPICH_P4 1
| #define HAVE_P4_SHMEM 1
| #define HAVE_COMM_MPICH_IB 1
| #define HAVE_COMM_MPICH_PSM 1
| #define HAVE_COMM_MPICH_RAI 1
| #define HAVE_COMM_MPICH2_PMI 1
| #define HAVE_COMM_LAM 1
| #define HAVE_COMM_SHMEM 1
| #define HAVE_COMM_EMP 1
| #define HAVE_COMM_PORTALS 1
| #define HAVE_COMM_NONE 1
| #define COMM_DEFAULT COMM_MPICH2_PMI
| #define SED_PATH "/bin/sed"
| #define HAVE_SED 1
| #define FAST_DIST_PATH ""
| #define HAVE_FAST_DIST 0
| /* end confdefs.h.  */
| #include <ac_nonexistent.h>
configure:3602: checking for egrep
configure:3612: result: grep -E
configure:3617: checking for ANSI C header files
configure:3642: gcc -c -O2 -g -pipe -Wall -Wp,-D_FORTIFY_SOURCE=2 -fexceptions -fstack-protector --param=ssp-buffer-size=4 -m64 -mtune=generic  conftest.c >&5
configure:3648: $? = 0
configure:3652: test -z 
			 || test ! -s conftest.err
configure:3655: $? = 0
configure:3658: test -s conftest.o
configure:3661: $? = 0
configure:3750: gcc -o conftest -O2 -g -pipe -Wall -Wp,-D_FORTIFY_SOURCE=2 -fexceptions -fstack-protector --param=ssp-buffer-size=4 -m64 -mtune=generic   conftest.c  >&5
conftest.c: In function 'main':
conftest.c:44: warning: implicit declaration of function 'exit'
conftest.c:44: warning: incompatible implicit declaration of built-in function 'exit'
configure:3753: $? = 0
configure:3755: ./conftest
configure:3758: $? = 0
configure:3773: result: yes
configure:3783: checking for sys/wait.h that is POSIX.1 compatible
configure:3814: gcc -c -O2 -g -pipe -Wall -Wp,-D_FORTIFY_SOURCE=2 -fexceptions -fstack-protector --param=ssp-buffer-size=4 -m64 -mtune=generic  conftest.c >&5
configure:3820: $? = 0
configure:3824: test -z 
			 || test ! -s conftest.err
configure:3827: $? = 0
configure:3830: test -s conftest.o
configure:3833: $? = 0
configure:3844: result: yes
configure:3868: checking for sys/types.h
configure:3884: gcc -c -O2 -g -pipe -Wall -Wp,-D_FORTIFY_SOURCE=2 -fexceptions -fstack-protector --param=ssp-buffer-size=4 -m64 -mtune=generic  conftest.c >&5
configure:3890: $? = 0
configure:3894: test -z 
			 || test ! -s conftest.err
configure:3897: $? = 0
configure:3900: test -s conftest.o
configure:3903: $? = 0
configure:3914: result: yes
configure:3868: checking for sys/stat.h
configure:3884: gcc -c -O2 -g -pipe -Wall -Wp,-D_FORTIFY_SOURCE=2 -fexceptions -fstack-protector --param=ssp-buffer-size=4 -m64 -mtune=generic  conftest.c >&5
configure:3890: $? = 0
configure:3894: test -z 
			 || test ! -s conftest.err
configure:3897: $? = 0
configure:3900: test -s conftest.o
configure:3903: $? = 0
configure:3914: result: yes
configure:3868: checking for stdlib.h
configure:3884: gcc -c -O2 -g -pipe -Wall -Wp,-D_FORTIFY_SOURCE=2 -fexceptions -fstack-protector --param=ssp-buffer-size=4 -m64 -mtune=generic  conftest.c >&5
configure:3890: $? = 0
configure:3894: test -z 
			 || test ! -s conftest.err
configure:3897: $? = 0
configure:3900: test -s conftest.o
configure:3903: $? = 0
configure:3914: result: yes
configure:3868: checking for string.h
configure:3884: gcc -c -O2 -g -pipe -Wall -Wp,-D_FORTIFY_SOURCE=2 -fexceptions -fstack-protector --param=ssp-buffer-size=4 -m64 -mtune=generic  conftest.c >&5
configure:3890: $? = 0
configure:3894: test -z 
			 || test ! -s conftest.err
configure:3897: $? = 0
configure:3900: test -s conftest.o
configure:3903: $? = 0
configure:3914: result: yes
configure:3868: checking for memory.h
configure:3884: gcc -c -O2 -g -pipe -Wall -Wp,-D_FORTIFY_SOURCE=2 -fexceptions -fstack-protector --param=ssp-buffer-size=4 -m64 -mtune=generic  conftest.c >&5
configure:3890: $? = 0
configure:3894: test -z 
			 || test ! -s conftest.err
configure:3897: $? = 0
configure:3900: test -s conftest.o
configure:3903: $? = 0
configure:3914: result: yes
configure:3868: checking for strings.h
configure:3884: gcc -c -O2 -g -pipe -Wall -Wp,-D_FORTIFY_SOURCE=2 -fexceptions -fstack-protector --param=ssp-buffer-size=4 -m64 -mtune=generic  conftest.c >&5
configure:3890: $? = 0
configure:3894: test -z 
			 || test ! -s conftest.err
configure:3897: $? = 0
configure:3900: test -s conftest.o
configure:3903: $? = 0
configure:3914: result: yes
configure:3868: checking for inttypes.h
configure:3884: gcc -c -O2 -g -pipe -Wall -Wp,-D_FORTIFY_SOURCE=2 -fexceptions -fstack-protector --param=ssp-buffer-size=4 -m64 -mtune=generic  conftest.c >&5
configure:3890: $? = 0
configure:3894: test -z 
			 || test ! -s conftest.err
configure:3897: $? = 0
configure:3900: test -s conftest.o
configure:3903: $? = 0
configure:3914: result: yes
configure:3868: checking for stdint.h
configure:3884: gcc -c -O2 -g -pipe -Wall -Wp,-D_FORTIFY_SOURCE=2 -fexceptions -fstack-protector --param=ssp-buffer-size=4 -m64 -mtune=generic  conftest.c >&5
configure:3890: $? = 0
configure:3894: test -z 
			 || test ! -s conftest.err
configure:3897: $? = 0
configure:3900: test -s conftest.o
configure:3903: $? = 0
configure:3914: result: yes
configure:3868: checking for unistd.h
configure:3884: gcc -c -O2 -g -pipe -Wall -Wp,-D_FORTIFY_SOURCE=2 -fexceptions -fstack-protector --param=ssp-buffer-size=4 -m64 -mtune=generic  conftest.c >&5
configure:3890: $? = 0
configure:3894: test -z 
			 || test ! -s conftest.err
configure:3897: $? = 0
configure:3900: test -s conftest.o
configure:3903: $? = 0
configure:3914: result: yes
configure:3940: checking paths.h usability
configure:3952: gcc -c -O2 -g -pipe -Wall -Wp,-D_FORTIFY_SOURCE=2 -fexceptions -fstack-protector --param=ssp-buffer-size=4 -m64 -mtune=generic  conftest.c >&5
configure:3958: $? = 0
configure:3962: test -z 
			 || test ! -s conftest.err
configure:3965: $? = 0
configure:3968: test -s conftest.o
configure:3971: $? = 0
configure:3981: result: yes
configure:3985: checking paths.h presence
configure:3995: gcc -E  conftest.c
configure:4001: $? = 0
configure:4021: result: yes
configure:4056: checking for paths.h
configure:4063: result: yes
configure:4078: checking for an ANSI C-conforming const
configure:4145: gcc -c -O2 -g -pipe -Wall -Wp,-D_FORTIFY_SOURCE=2 -fexceptions -fstack-protector --param=ssp-buffer-size=4 -m64 -mtune=generic  conftest.c >&5
conftest.c: In function 'main':
conftest.c:66: warning: unused variable 's'
conftest.c:86: warning: unused variable 'foo'
conftest.c:53: warning: unused variable 'zero'
conftest.c:47: warning: unused variable 'x'
conftest.c:68: warning: 't' is used uninitialized in this function
conftest.c:83: warning: 'b' is used uninitialized in this function
configure:4151: $? = 0
configure:4155: test -z 
			 || test ! -s conftest.err
configure:4158: $? = 0
configure:4161: test -s conftest.o
configure:4164: $? = 0
configure:4175: result: yes
configure:4185: checking for inline
configure:4206: gcc -c -O2 -g -pipe -Wall -Wp,-D_FORTIFY_SOURCE=2 -fexceptions -fstack-protector --param=ssp-buffer-size=4 -m64 -mtune=generic  conftest.c >&5
configure:4212: $? = 0
configure:4216: test -z 
			 || test ! -s conftest.err
configure:4219: $? = 0
configure:4222: test -s conftest.o
configure:4225: $? = 0
configure:4237: result: inline
configure:4258: checking for environ
configure:4276: gcc -c -O2 -g -pipe -Wall -Wp,-D_FORTIFY_SOURCE=2 -fexceptions -fstack-protector --param=ssp-buffer-size=4 -m64 -mtune=generic  conftest.c >&5
conftest.c: In function 'main':
conftest.c:43: warning: unused variable 'cp'
configure:4282: $? = 0
configure:4286: test -z 
			 || test ! -s conftest.err
configure:4289: $? = 0
configure:4292: test -s conftest.o
configure:4295: $? = 0
configure:4310: result: __environ
configure:4375: checking for socklen_t
configure:4394: gcc -c -O2 -g -pipe -Wall -Wp,-D_FORTIFY_SOURCE=2 -fexceptions -fstack-protector --param=ssp-buffer-size=4 -m64 -mtune=generic  conftest.c >&5
conftest.c: In function 'main':
conftest.c:45: warning: unused variable 't'
configure:4400: $? = 0
configure:4404: test -z 
			 || test ! -s conftest.err
configure:4407: $? = 0
configure:4410: test -s conftest.o
configure:4413: $? = 0
configure:4423: result: yes
configure:4464: checking for working POSIX fnmatch
configure:4502: gcc -o conftest -O2 -g -pipe -Wall -Wp,-D_FORTIFY_SOURCE=2 -fexceptions -fstack-protector --param=ssp-buffer-size=4 -m64 -mtune=generic -Wall -W -Wpointer-arith -Wwrite-strings -Wcast-align -Wcast-qual -Wbad-function-cast -Wundef -Wmissing-prototypes -Wmissing-declarations -Wnested-externs   conftest.c  >&5
conftest.c: In function 'main':
conftest.c:49: warning: implicit declaration of function 'exit'
conftest.c:49: warning: incompatible implicit declaration of built-in function 'exit'
configure:4505: $? = 0
configure:4507: ./conftest
configure:4510: $? = 0
configure:4524: result: yes
configure:4536: checking return type of signal handlers
configure:4567: gcc -c -O2 -g -pipe -Wall -Wp,-D_FORTIFY_SOURCE=2 -fexceptions -fstack-protector --param=ssp-buffer-size=4 -m64 -mtune=generic -Wall -W -Wpointer-arith -Wwrite-strings -Wcast-align -Wcast-qual -Wbad-function-cast -Wundef -Wmissing-prototypes -Wmissing-declarations -Wnested-externs  conftest.c >&5
conftest.c: In function 'main':
conftest.c:56: warning: unused variable 'i'
configure:4573: $? = 0
configure:4577: test -z 
			 || test ! -s conftest.err
configure:4580: $? = 0
configure:4583: test -s conftest.o
configure:4586: $? = 0
configure:4597: result: void
configure:4609: checking for vprintf
configure:4666: gcc -o conftest -O2 -g -pipe -Wall -Wp,-D_FORTIFY_SOURCE=2 -fexceptions -fstack-protector --param=ssp-buffer-size=4 -m64 -mtune=generic -Wall -W -Wpointer-arith -Wwrite-strings -Wcast-align -Wcast-qual -Wbad-function-cast -Wundef -Wmissing-prototypes -Wmissing-declarations -Wnested-externs   conftest.c  >&5
conftest.c:67: warning: conflicting types for built-in function 'vprintf'
configure:4672: $? = 0
configure:4676: test -z 
			 || test ! -s conftest.err
configure:4679: $? = 0
configure:4682: test -s conftest
configure:4685: $? = 0
configure:4697: result: yes
configure:4704: checking for _doprnt
configure:4761: gcc -o conftest -O2 -g -pipe -Wall -Wp,-D_FORTIFY_SOURCE=2 -fexceptions -fstack-protector --param=ssp-buffer-size=4 -m64 -mtune=generic -Wall -W -Wpointer-arith -Wwrite-strings -Wcast-align -Wcast-qual -Wbad-function-cast -Wundef -Wmissing-prototypes -Wmissing-declarations -Wnested-externs   conftest.c  >&5
/tmp/ccee3cPX.o: In function `main':
/opt/rocks/share/devel/src/roll/torque-roll/BUILD/mpiexec-0.84/conftest.c:83: undefined reference to `_doprnt'
/tmp/ccee3cPX.o:(.data+0x0): undefined reference to `_doprnt'
collect2: ld returned 1 exit status
configure:4767: $? = 1
configure: failed program was:
| /* confdefs.h.  */
| 
| #define PACKAGE_NAME ""
| #define PACKAGE_TARNAME ""
| #define PACKAGE_VERSION ""
| #define PACKAGE_STRING ""
| #define PACKAGE_BUGREPORT ""
| #define HAVE_PBSPRO_HELPER 0
| #define HAVE_COMM_MPICH_GM 1
| #define HAVE_COMM_MPICH_P4 1
| #define HAVE_P4_SHMEM 1
| #define HAVE_COMM_MPICH_IB 1
| #define HAVE_COMM_MPICH_PSM 1
| #define HAVE_COMM_MPICH_RAI 1
| #define HAVE_COMM_MPICH2_PMI 1
| #define HAVE_COMM_LAM 1
| #define HAVE_COMM_SHMEM 1
| #define HAVE_COMM_EMP 1
| #define HAVE_COMM_PORTALS 1
| #define HAVE_COMM_NONE 1
| #define COMM_DEFAULT COMM_MPICH2_PMI
| #define SED_PATH "/bin/sed"
| #define HAVE_SED 1
| #define FAST_DIST_PATH ""
| #define HAVE_FAST_DIST 0
| #define STDC_HEADERS 1
| #define HAVE_SYS_WAIT_H 1
| #define HAVE_SYS_TYPES_H 1
| #define HAVE_SYS_STAT_H 1
| #define HAVE_STDLIB_H 1
| #define HAVE_STRING_H 1
| #define HAVE_MEMORY_H 1
| #define HAVE_STRINGS_H 1
| #define HAVE_INTTYPES_H 1
| #define HAVE_STDINT_H 1
| #define HAVE_UNISTD_H 1
| #define HAVE_PATHS_H 1
| #define HAVE___ENVIRON 1
| #define HAVE_SOCKLEN_T 1
| #define HAVE_FNMATCH 1
| #define RETSIGTYPE void
| #define HAVE_VPRINTF 1
| /* end confdefs.h.  */
| /* Define _doprnt to an innocuous variant, in case <limits.h> declares _doprnt.
|    For example, HP-UX 11i <limits.h> declares gettimeofday.  */
| #define _doprnt innocuous__doprnt
| 
| /* System header to define __stub macros and hopefully few prototypes,
|     which can conflict with char _doprnt (); below.
|     Prefer <limits.h> to <assert.h> if __STDC__ is defined, since
|     <limits.h> exists even on freestanding compilers.  */
| 
| #ifdef __STDC__
| # include <limits.h>
| #else
| # include <assert.h>
| #endif
| 
| #undef _doprnt
| 
| /* Override any gcc2 internal prototype to avoid an error.  */
| #ifdef __cplusplus
| extern "C"
| {
| #endif
| /* We use char because int might match the return type of a gcc2
|    builtin and then its argument prototype would still apply.  */
| char _doprnt ();
| /* The GNU C library defines this for functions which it implements
|     to always fail with ENOSYS.  Some functions are actually named
|     something starting with __ and the normal name is an alias.  */
| #if defined (__stub__doprnt) || defined (__stub____doprnt)
| choke me
| #else
| char (*f) () = _doprnt;
| #endif
| #ifdef __cplusplus
| }
| #endif
| 
| int
| main ()
| {
| return f != _doprnt;
|   ;
|   return 0;
| }
configure:4792: result: no
configure:4811: checking for strsep
configure:4868: gcc -o conftest -O2 -g -pipe -Wall -Wp,-D_FORTIFY_SOURCE=2 -fexceptions -fstack-protector --param=ssp-buffer-size=4 -m64 -mtune=generic -Wall -W -Wpointer-arith -Wwrite-strings -Wcast-align -Wcast-qual -Wbad-function-cast -Wundef -Wmissing-prototypes -Wmissing-declarations -Wnested-externs   conftest.c  >&5
configure:4874: $? = 0
configure:4878: test -z 
			 || test ! -s conftest.err
configure:4881: $? = 0
configure:4884: test -s conftest
configure:4887: $? = 0
configure:4899: result: yes
configure:4811: checking for strsignal
configure:4868: gcc -o conftest -O2 -g -pipe -Wall -Wp,-D_FORTIFY_SOURCE=2 -fexceptions -fstack-protector --param=ssp-buffer-size=4 -m64 -mtune=generic -Wall -W -Wpointer-arith -Wwrite-strings -Wcast-align -Wcast-qual -Wbad-function-cast -Wundef -Wmissing-prototypes -Wmissing-declarations -Wnested-externs   conftest.c  >&5
configure:4874: $? = 0
configure:4878: test -z 
			 || test ! -s conftest.err
configure:4881: $? = 0
configure:4884: test -s conftest
configure:4887: $? = 0
configure:4899: result: yes
configure:4920: checking for poll
configure:4977: gcc -o conftest -O2 -g -pipe -Wall -Wp,-D_FORTIFY_SOURCE=2 -fexceptions -fstack-protector --param=ssp-buffer-size=4 -m64 -mtune=generic -Wall -W -Wpointer-arith -Wwrite-strings -Wcast-align -Wcast-qual -Wbad-function-cast -Wundef -Wmissing-prototypes -Wmissing-declarations -Wnested-externs   conftest.c  >&5
configure:4983: $? = 0
configure:4987: test -z 
			 || test ! -s conftest.err
configure:4990: $? = 0
configure:4993: test -s conftest
configure:4996: $? = 0
configure:5008: result: yes
configure:5128: creating ./config.status

## ---------------------- ##
## Running config.status. ##
## ---------------------- ##

This file was extended by config.status, which was
generated by GNU Autoconf 2.59.  Invocation command line was

  CONFIG_FILES    = 
  CONFIG_HEADERS  = 
  CONFIG_LINKS    = 
  CONFIG_COMMANDS = 
  $ ./config.status 

on tscc-0-62.sdsc.edu

config.status:653: creating Makefile
config.status:653: creating mpiexec.spec
config.status:761: creating config.h

## ---------------- ##
## Cache variables. ##
## ---------------- ##

ac_cv_c_compiler_gnu=yes
ac_cv_c_const=yes
ac_cv_c_inline=inline
ac_cv_env_CC_set=
ac_cv_env_CC_value=
ac_cv_env_CFLAGS_set=set
ac_cv_env_CFLAGS_value='-O2 -g -pipe -Wall -Wp,-D_FORTIFY_SOURCE=2 -fexceptions -fstack-protector --param=ssp-buffer-size=4 -m64 -mtune=generic'
ac_cv_env_CPPFLAGS_set=
ac_cv_env_CPPFLAGS_value=
ac_cv_env_CPP_set=
ac_cv_env_CPP_value=
ac_cv_env_LDFLAGS_set=
ac_cv_env_LDFLAGS_value=
ac_cv_env_build_alias_set=set
ac_cv_env_build_alias_value=x86_64-unknown-linux-gnu
ac_cv_env_host_alias_set=set
ac_cv_env_host_alias_value=x86_64-unknown-linux-gnu
ac_cv_env_target_alias_set=set
ac_cv_env_target_alias_value=x86_64-redhat-linux-gnu
ac_cv_exeext=
ac_cv_func__doprnt=no
ac_cv_func_fnmatch_works=yes
ac_cv_func_poll=yes
ac_cv_func_strsep=yes
ac_cv_func_strsignal=yes
ac_cv_func_vprintf=yes
ac_cv_header_inttypes_h=yes
ac_cv_header_memory_h=yes
ac_cv_header_paths_h=yes
ac_cv_header_stdc=yes
ac_cv_header_stdint_h=yes
ac_cv_header_stdlib_h=yes
ac_cv_header_string_h=yes
ac_cv_header_strings_h=yes
ac_cv_header_sys_stat_h=yes
ac_cv_header_sys_types_h=yes
ac_cv_header_sys_wait_h=yes
ac_cv_header_unistd_h=yes
ac_cv_objext=o
ac_cv_path_PBSCONFIG=/opt/torque/bin/pbs-config
ac_cv_path_SED_PATH=/bin/sed
ac_cv_prog_CPP='gcc -E'
ac_cv_prog_ac_ct_CC=gcc
ac_cv_prog_cc_g=yes
ac_cv_prog_cc_stdc=
ac_cv_prog_egrep='grep -E'
ac_cv_search_gethostbyname='none required'
ac_cv_search_socket='none required'
ac_cv_type_signal=void

## ----------------- ##
## Output variables. ##
## ----------------- ##

CC='gcc'
CFLAGS='-O2 -g -pipe -Wall -Wp,-D_FORTIFY_SOURCE=2 -fexceptions -fstack-protector --param=ssp-buffer-size=4 -m64 -mtune=generic -Wall -W -Wpointer-arith -Wwrite-strings -Wcast-align -Wcast-qual -Wbad-function-cast -Wundef -Wmissing-prototypes -Wmissing-declarations -Wnested-externs'
CPP='gcc -E'
CPPFLAGS=''
CPP_M='-MM'
DEFS='-DHAVE_CONFIG_H'
ECHO_C=''
ECHO_N='-n'
ECHO_T=''
EGREP='grep -E'
EXEEXT=''
FAST_DIST_PATH=''
LDFLAGS=''
LIBOBJS=''
LIBS=''
LTLIBOBJS=''
OBJEXT='o'
PACKAGE_BUGREPORT=''
PACKAGE_NAME=''
PACKAGE_STRING=''
PACKAGE_TARNAME=''
PACKAGE_VERSION=''
PATH_SEPARATOR=':'
PBSCONFIG='/opt/torque/bin/pbs-config'
PBSINCL='-I/opt/torque/include'
PBSLIBS='-L/opt/torque/lib -ltorque -Wl,--rpath -Wl,/opt/torque/lib'
SED_PATH='/bin/sed'
SHELL='/bin/sh'
ac_ct_CC='gcc'
bindir='/usr/bin'
build_alias='x86_64-unknown-linux-gnu'
datadir='/usr/share'
exec_prefix='/usr'
host_alias='x86_64-unknown-linux-gnu'
includedir='/usr/include'
infodir='/usr/share/info'
libdir='/usr/lib64'
libexecdir='/usr/libexec'
localstatedir='/var'
mandir='/usr/share/man'
mpicc='mpicc'
mpif77='mpif77'
oldincludedir='/usr/include'
pbsdir='/opt/torque'
pbspro_helper='0'
prefix='/opt/mpiexec'
program_transform_name='s,x,x,'
sbindir='/usr/sbin'
sharedstatedir='/var/lib'
sysconfdir='/etc'
target_alias='x86_64-redhat-linux-gnu'
version='0.84'

## ----------- ##
## confdefs.h. ##
## ----------- ##

#define COMM_DEFAULT COMM_MPICH2_PMI
#define CONFIGURE_OPTIONS "'--build=x86_64-unknown-linux-gnu' '--host=x86_64-unknown-linux-gnu' '--target=x86_64-redhat-linux-gnu' '--program-prefix=' '--prefix=/usr' '--exec-prefix=/usr' '--bindir=/usr/bin' '--sbindir=/usr/sbin' '--sysconfdir=/etc' '--datadir=/usr/share' '--includedir=/usr/include' '--libdir=/usr/lib64' '--libexecdir=/usr/libexec' '--localstatedir=/var' '--sharedstatedir=/var/lib' '--mandir=/usr/share/man' '--infodir=/usr/share/info' '--prefix=/opt/mpiexec' '--with-pbs=/opt/torque' '--with-default-comm=pmi' 'CFLAGS=-O2 -g -pipe -Wall -Wp,-D_FORTIFY_SOURCE=2 -fexceptions -fstack-protector --param=ssp-buffer-size=4 -m64 -mtune=generic' 'build_alias=x86_64-unknown-linux-gnu' 'host_alias=x86_64-unknown-linux-gnu' 'target_alias=x86_64-redhat-linux-gnu'"
#define FAST_DIST_PATH ""
#define HAVE_COMM_EMP 1
#define HAVE_COMM_LAM 1
#define HAVE_COMM_MPICH2_PMI 1
#define HAVE_COMM_MPICH_GM 1
#define HAVE_COMM_MPICH_IB 1
#define HAVE_COMM_MPICH_P4 1
#define HAVE_COMM_MPICH_PSM 1
#define HAVE_COMM_MPICH_RAI 1
#define HAVE_COMM_NONE 1
#define HAVE_COMM_PORTALS 1
#define HAVE_COMM_SHMEM 1
#define HAVE_FAST_DIST 0
#define HAVE_FNMATCH 1
#define HAVE_INTTYPES_H 1
#define HAVE_MEMORY_H 1
#define HAVE_P4_SHMEM 1
#define HAVE_PATHS_H 1
#define HAVE_PBSPRO_HELPER 0
#define HAVE_POLL 1
#define HAVE_SED 1
#define HAVE_SOCKLEN_T 1
#define HAVE_STDINT_H 1
#define HAVE_STDLIB_H 1
#define HAVE_STRINGS_H 1
#define HAVE_STRING_H 1
#define HAVE_STRSEP 1
#define HAVE_STRSIGNAL 1
#define HAVE_SYS_STAT_H 1
#define HAVE_SYS_TYPES_H 1
#define HAVE_SYS_WAIT_H 1
#define HAVE_UNISTD_H 1
#define HAVE_VPRINTF 1
#define HAVE___ENVIRON 1
#define PACKAGE_BUGREPORT ""
#define PACKAGE_NAME ""
#define PACKAGE_STRING ""
#define PACKAGE_TARNAME ""
#define PACKAGE_VERSION ""
#define RETSIGTYPE void
#define SED_PATH "/bin/sed"
#define STDC_HEADERS 1
#define VERSION "0.84"

configure: exit 0
